Using pre-set license
Built from '6000.0/staging' branch; Version is '6000.0.28f1 (f336aca0cab5) revision 15939244'; Using compiler version '193933523'; Build Type 'Release'
OS: 'Windows 11  (10.0.22631) 64bit Core' Language: 'ko' Physical Memory: 15964 MB
BatchMode: 1, IsHumanControllingUs: 0, StartBugReporterOnCrash: 0, Is64bit: 1, IsPro: 1

COMMAND LINE ARGUMENTS:
C:\Program Files\Unity\Hub\Editor\6000.0.28f1\Editor\Unity.exe
-adb2
-batchMode
-noUpm
-name
AssetImportWorker1
-projectPath
C:/Users/Yaggo/Downloads/Unity-Programming-Essence-2021/Unity-Programming-Essence-2021/14/Done/Zombie
-logFile
Logs/AssetImportWorker1.log
-srvPort
63526
-job-worker-count
8
-background-job-worker-count
8
-asset-garbage-collectors
1
Successfully changed project path to: C:/Users/Yaggo/Downloads/Unity-Programming-Essence-2021/Unity-Programming-Essence-2021/14/Done/Zombie
C:/Users/Yaggo/Downloads/Unity-Programming-Essence-2021/Unity-Programming-Essence-2021/14/Done/Zombie
[UnityMemory] Configuration Parameters - Can be set up in boot.config
    "memorysetup-bucket-allocator-granularity=16"
    "memorysetup-bucket-allocator-bucket-count=8"
    "memorysetup-bucket-allocator-block-size=33554432"
    "memorysetup-bucket-allocator-block-count=8"
    "memorysetup-main-allocator-block-size=16777216"
    "memorysetup-thread-allocator-block-size=16777216"
    "memorysetup-gfx-main-allocator-block-size=16777216"
    "memorysetup-gfx-thread-allocator-block-size=16777216"
    "memorysetup-cache-allocator-block-size=4194304"
    "memorysetup-typetree-allocator-block-size=2097152"
    "memorysetup-profiler-bucket-allocator-granularity=16"
    "memorysetup-profiler-bucket-allocator-bucket-count=8"
    "memorysetup-profiler-bucket-allocator-block-size=33554432"
    "memorysetup-profiler-bucket-allocator-block-count=8"
    "memorysetup-profiler-allocator-block-size=16777216"
    "memorysetup-profiler-editor-allocator-block-size=1048576"
    "memorysetup-temp-allocator-size-main=16777216"
    "memorysetup-job-temp-allocator-block-size=2097152"
    "memorysetup-job-temp-allocator-block-size-background=1048576"
    "memorysetup-job-temp-allocator-reduction-small-platforms=262144"
    "memorysetup-allocator-temp-initial-block-size-main=262144"
    "memorysetup-allocator-temp-initial-block-size-worker=262144"
    "memorysetup-temp-allocator-size-background-worker=32768"
    "memorysetup-temp-allocator-size-job-worker=262144"
    "memorysetup-temp-allocator-size-preload-manager=33554432"
    "memorysetup-temp-allocator-size-nav-mesh-worker=65536"
    "memorysetup-temp-allocator-size-audio-worker=65536"
    "memorysetup-temp-allocator-size-cloud-worker=32768"
    "memorysetup-temp-allocator-size-gi-baking-worker=262144"
    "memorysetup-temp-allocator-size-gi-baking-worker=262144"
    "memorysetup-temp-allocator-size-gi-baking-worker=262144"
    "memorysetup-temp-allocator-size-gi-baking-worker=262144"
    "memorysetup-temp-allocator-size-gi-baking-worker=262144"
    "memorysetup-temp-allocator-size-gfx=262144"
Player connection [21360]  Target information:

Player connection [21360]  * "[IP] 192.168.35.169 [Port] 0 [Flags] 2 [Guid] 1249541826 [EditorId] 1249541826 [Version] 1048832 [Id] WindowsEditor(7,BOOK-Q3HT27KT85) [Debug] 1 [PackageName] WindowsEditor [ProjectName] Editor" 

Player connection [21360] Host joined multi-casting on [225.0.0.222:54997]...
Player connection [21360] Host joined alternative multi-casting on [225.0.0.222:34997]...
JobSystem: Creating JobQueue using job-worker-count value 8
[Physics::Module] Initialized fallback backend.
[Physics::Module] Id: 0xdecafbad
Library Redirect Path: Library/
[Physics::Module] Selected backend.
[Physics::Module] Name: PhysX
[Physics::Module] Id: 0xf2b8ea05
[Physics::Module] SDK Version: 4.1.2
[Physics::Module] Integration Version: 1.0.0
[Physics::Module] Threading Mode: Multi-Threaded
Refreshing native plugins compatible for Editor in 3.80 ms, found 2 plugins.
Preloading 0 native plugins for Editor in 0.00 ms.
Initialize engine version: 6000.0.28f1 (f336aca0cab5)
[Subsystems] Discovering subsystems at path C:/Program Files/Unity/Hub/Editor/6000.0.28f1/Editor/Data/Resources/UnitySubsystems
[Subsystems] Discovering subsystems at path C:/Users/Yaggo/Downloads/Unity-Programming-Essence-2021/Unity-Programming-Essence-2021/14/Done/Zombie/Assets
GfxDevice: creating device client; kGfxThreadingModeNonThreaded
Direct3D:
    Version:  Direct3D 11.0 [level 11.1]
    Renderer: Intel(R) Arc(TM) Graphics (ID=0x7d55)
    Vendor:   Intel
    VRAM:     7982 MB
    Driver:   31.0.101.5333
Initialize mono
Mono path[0] = 'C:/Program Files/Unity/Hub/Editor/6000.0.28f1/Editor/Data/Managed'
Mono path[1] = 'C:/Program Files/Unity/Hub/Editor/6000.0.28f1/Editor/Data/MonoBleedingEdge/lib/mono/unityjit-win32'
Mono config path = 'C:/Program Files/Unity/Hub/Editor/6000.0.28f1/Editor/Data/MonoBleedingEdge/etc'
Using monoOptions --debugger-agent=transport=dt_socket,embedding=1,server=y,suspend=n,address=127.0.0.1:56404
Begin MonoManager ReloadAssembly
Registering precompiled unity dll's ...
Register platform support module: C:/Program Files/Unity/Hub/Editor/6000.0.28f1/Editor/Data/PlaybackEngines/WebGLSupport/UnityEditor.WebGL.Extensions.dll
Register platform support module: C:/Program Files/Unity/Hub/Editor/6000.0.28f1/Editor/Data/PlaybackEngines/WindowsStandaloneSupport/UnityEditor.WindowsStandalone.Extensions.dll
Register platform support module: C:/Program Files/Unity/Hub/Editor/6000.0.28f1/Editor/Data/PlaybackEngines/AndroidPlayer/UnityEditor.Android.Extensions.dll
Registered in 0.003799 seconds.
- Loaded All Assemblies, in  0.693 seconds
Native extension for Android target not found
Android Extension - Scanning For ADB Devices 286 ms
Native extension for WindowsStandalone target not found
Native extension for WebGL target not found
Mono: successfully reloaded assembly
- Finished resetting the current domain, in  0.733 seconds
Domain Reload Profiling: 1424ms
	BeginReloadAssembly (285ms)
		ExecutionOrderSort (0ms)
		DisableScriptedObjects (0ms)
		BackupInstance (0ms)
		ReleaseScriptingObjects (0ms)
		CreateAndSetChildDomain (1ms)
	RebuildCommonClasses (56ms)
	RebuildNativeTypeToScriptingClass (17ms)
	initialDomainReloadingComplete (61ms)
	LoadAllAssembliesAndSetupDomain (272ms)
		LoadAssemblies (289ms)
		RebuildTransferFunctionScriptingTraits (0ms)
		AnalyzeDomain (263ms)
			TypeCache.Refresh (261ms)
				TypeCache.ScanAssembly (238ms)
			BuildScriptInfoCaches (0ms)
			ResolveRequiredComponents (1ms)
	FinalizeReload (733ms)
		ReleaseScriptCaches (0ms)
		RebuildScriptCaches (0ms)
		SetupLoadedEditorAssemblies (692ms)
			LogAssemblyErrors (0ms)
			InitializePlatformSupportModulesInManaged (377ms)
			SetLoadedEditorAssemblies (4ms)
			BeforeProcessingInitializeOnLoad (7ms)
			ProcessInitializeOnLoadAttributes (215ms)
			ProcessInitializeOnLoadMethodAttributes (86ms)
			AfterProcessingInitializeOnLoad (3ms)
			EditorAssembliesLoaded (0ms)
		ExecutionOrderSort2 (0ms)
		AwakeInstancesAfterBackupRestoration (0ms)
========================================================================
Worker process is ready to serve import requests
Import Worker Mode flag is 0x00
Begin MonoManager ReloadAssembly
Symbol file LoadedFromMemory is not a mono symbol file
- Loaded All Assemblies, in  0.923 seconds
Refreshing native plugins compatible for Editor in 2.87 ms, found 2 plugins.
Native extension for Android target not found
Native extension for WindowsStandalone target not found
Native extension for WebGL target not found
Refreshing native plugins compatible for Editor in 2.80 ms, found 2 plugins.
Mono: successfully reloaded assembly
- Finished resetting the current domain, in  0.735 seconds
Domain Reload Profiling: 1655ms
	BeginReloadAssembly (439ms)
		ExecutionOrderSort (0ms)
		DisableScriptedObjects (6ms)
		BackupInstance (0ms)
		ReleaseScriptingObjects (0ms)
		CreateAndSetChildDomain (34ms)
	RebuildCommonClasses (33ms)
	RebuildNativeTypeToScriptingClass (10ms)
	initialDomainReloadingComplete (36ms)
	LoadAllAssembliesAndSetupDomain (402ms)
		LoadAssemblies (350ms)
		RebuildTransferFunctionScriptingTraits (0ms)
		AnalyzeDomain (158ms)
			TypeCache.Refresh (119ms)
				TypeCache.ScanAssembly (100ms)
			BuildScriptInfoCaches (33ms)
			ResolveRequiredComponents (3ms)
	FinalizeReload (735ms)
		ReleaseScriptCaches (0ms)
		RebuildScriptCaches (0ms)
		SetupLoadedEditorAssemblies (530ms)
			LogAssemblyErrors (0ms)
			InitializePlatformSupportModulesInManaged (10ms)
			SetLoadedEditorAssemblies (2ms)
			BeforeProcessingInitializeOnLoad (29ms)
			ProcessInitializeOnLoadAttributes (440ms)
			ProcessInitializeOnLoadMethodAttributes (42ms)
			AfterProcessingInitializeOnLoad (6ms)
			EditorAssembliesLoaded (0ms)
		ExecutionOrderSort2 (0ms)
		AwakeInstancesAfterBackupRestoration (5ms)
Launched and connected shader compiler UnityShaderCompiler.exe after 0.01 seconds
Refreshing native plugins compatible for Editor in 2.30 ms, found 2 plugins.
Preloading 0 native plugins for Editor in 0.00 ms.
Unloading 49 Unused Serialized files (Serialized files now loaded: 0)
Unloading 2592 unused Assets / (2.5 MB). Loaded Objects now: 3184.
Memory consumption went from 115.7 MB to 113.3 MB.
Total: 5.432300 ms (FindLiveObjects: 0.262500 ms CreateObjectMapping: 0.080300 ms MarkObjects: 4.334400 ms  DeleteObjects: 0.754000 ms)

========================================================================
Received Import Request.
  Time since last request: 1333171.322333 seconds.
  path: Assets/Animations/Human Death.anim
  artifactKey: Guid(85e9d7cbab6dbe74eb1b9b4ff8bf34d8) Importer(2089858483,192608db42251d675da83286b1cce702)
Start importing Assets/Animations/Human Death.anim using Guid(85e9d7cbab6dbe74eb1b9b4ff8bf34d8) Importer(2089858483,192608db42251d675da83286b1cce702) (ScriptedImporter) -> (artifact id: 'b67bbe2b30bdc141980d4d310299fb90') in 0.1533193 seconds
Number of updated asset objects reloaded before import = 0Number of asset objects unloaded after import = 1

========================================================================
Received Import Request.
  Time since last request: 0.000024 seconds.
  path: Assets/Models/Coin.fbx
  artifactKey: Guid(06b984149946d44da919e9a66bcbe4d9) Importer(2089858483,192608db42251d675da83286b1cce702)
Start importing Assets/Models/Coin.fbx using Guid(06b984149946d44da919e9a66bcbe4d9) Importer(2089858483,192608db42251d675da83286b1cce702) (ScriptedImporter) -> (artifact id: 'c47765f77ddff5cd249e946872b0adb5') in 0.0584503 seconds
Number of updated asset objects reloaded before import = 0Number of asset objects unloaded after import = 9

========================================================================
Received Import Request.
  Time since last request: 0.000057 seconds.
  path: Assets/Materials/Redwood.mat
  artifactKey: Guid(7c248f62c0b874ecbb44f1085d19986e) Importer(2089858483,192608db42251d675da83286b1cce702)
Start importing Assets/Materials/Redwood.mat using Guid(7c248f62c0b874ecbb44f1085d19986e) Importer(2089858483,192608db42251d675da83286b1cce702) (ScriptedImporter) -> (artifact id: '5a41cc146c1a2d3449207b02e61fff8f') in 0.0319707 seconds
Number of updated asset objects reloaded before import = 0Number of asset objects unloaded after import = 1

========================================================================
Received Import Request.
  Time since last request: 0.000131 seconds.
  path: Assets/Prefabs/Spawn Points.prefab
  artifactKey: Guid(5314e1f0757cf4cf79d58731d117e6cd) Importer(2089858483,192608db42251d675da83286b1cce702)
Start importing Assets/Prefabs/Spawn Points.prefab using Guid(5314e1f0757cf4cf79d58731d117e6cd) Importer(2089858483,192608db42251d675da83286b1cce702) (ScriptedImporter) -> (artifact id: '94d042a0ce3113f3ab81ad2d35ca1151') in 0.0218526 seconds
Number of updated asset objects reloaded before import = 0Number of asset objects unloaded after import = 12

========================================================================
Received Import Request.
  Time since last request: 0.000020 seconds.
  path: Assets/Scripts/AmmoPack.cs
  artifactKey: Guid(c89b675e33d18400487c95e533fad164) Importer(2089858483,192608db42251d675da83286b1cce702)
Start importing Assets/Scripts/AmmoPack.cs using Guid(c89b675e33d18400487c95e533fad164) Importer(2089858483,192608db42251d675da83286b1cce702) (ScriptedImporter) -> (artifact id: 'edd83fd8d33955edfdd9bc7fa2ab0b8f') in 0.017628 seconds
Number of updated asset objects reloaded before import = 0Number of asset objects unloaded after import = 0

========================================================================
Received Import Request.
  Time since last request: 0.000090 seconds.
  path: Assets/Textures/SmokePuffParticleSheet.png
  artifactKey: Guid(d3c9883e2f0eef44f9241b6f8428f9fc) Importer(2089858483,192608db42251d675da83286b1cce702)
Start importing Assets/Textures/SmokePuffParticleSheet.png using Guid(d3c9883e2f0eef44f9241b6f8428f9fc) Importer(2089858483,192608db42251d675da83286b1cce702) (ScriptedImporter) -> (artifact id: '7266c77b1c1371da0e3694a8583feb57') in 0.0625089 seconds
Number of updated asset objects reloaded before import = 0Number of asset objects unloaded after import = 1

========================================================================
Received Import Request.
  Time since last request: 0.000026 seconds.
  path: Assets/Gizmos/Cinemachine/cm_logo_lg.png
  artifactKey: Guid(294462d0a0b8def4ba1bbbb52c2d1391) Importer(2089858483,192608db42251d675da83286b1cce702)
Start importing Assets/Gizmos/Cinemachine/cm_logo_lg.png using Guid(294462d0a0b8def4ba1bbbb52c2d1391) Importer(2089858483,192608db42251d675da83286b1cce702) (ScriptedImporter) -> (artifact id: '5caad28b3632ce450e59b0e4ff381aef') in 0.0240524 seconds
Number of updated asset objects reloaded before import = 0Number of asset objects unloaded after import = 1

========================================================================
Received Import Request.
  Time since last request: 0.000063 seconds.
  path: Assets/Scripts/GameManager.cs
  artifactKey: Guid(e090a9750849f49c282494b652e54999) Importer(2089858483,192608db42251d675da83286b1cce702)
Start importing Assets/Scripts/GameManager.cs using Guid(e090a9750849f49c282494b652e54999) Importer(2089858483,192608db42251d675da83286b1cce702) (ScriptedImporter) -> (artifact id: 'bc6e35197602149fba54bb2066414682') in 0.0196063 seconds
Number of updated asset objects reloaded before import = 0Number of asset objects unloaded after import = 0

========================================================================
Received Import Request.
  Time since last request: 0.000044 seconds.
  path: Assets/Post-Process Profile/Global Profile.asset
  artifactKey: Guid(3471071e07e6c4d41b1d47f005452a1b) Importer(2089858483,192608db42251d675da83286b1cce702)
Start importing Assets/Post-Process Profile/Global Profile.asset using Guid(3471071e07e6c4d41b1d47f005452a1b) Importer(2089858483,192608db42251d675da83286b1cce702) (ScriptedImporter) -> (artifact id: '2cd26a870badea071f709a2ee3ea83d1') in 0.0384976 seconds
Number of updated asset objects reloaded before import = 0Number of asset objects unloaded after import = 8

========================================================================
Received Import Request.
  Time since last request: 0.000023 seconds.
  path: Assets/Models/ShellCasing.FBX
  artifactKey: Guid(39af8eb310699cb4dac88a1ce9577c85) Importer(2089858483,192608db42251d675da83286b1cce702)
Start importing Assets/Models/ShellCasing.FBX using Guid(39af8eb310699cb4dac88a1ce9577c85) Importer(2089858483,192608db42251d675da83286b1cce702) (ScriptedImporter) -> (artifact id: '4955c885fbdd16533deaba43ea07b195') in 0.0436375 seconds
Number of updated asset objects reloaded before import = 0Number of asset objects unloaded after import = 7

========================================================================
Received Import Request.
  Time since last request: 0.000239 seconds.
  path: Assets/Models/Level Art/bench.fbx
  artifactKey: Guid(5b77a2cb0406e3f4d8346d7942a15177) Importer(2089858483,192608db42251d675da83286b1cce702)
Start importing Assets/Models/Level Art/bench.fbx using Guid(5b77a2cb0406e3f4d8346d7942a15177) Importer(2089858483,192608db42251d675da83286b1cce702) (ScriptedImporter) -> (artifact id: 'a68a4c66fa1851d059c9cdd9875b44cc') in 0.0290866 seconds
Number of updated asset objects reloaded before import = 0Number of asset objects unloaded after import = 7

========================================================================
Received Import Request.
  Time since last request: 0.000021 seconds.
  path: Assets/Animations/Reload.anim
  artifactKey: Guid(da652e5dee81e1e4fb45856c799c0268) Importer(2089858483,192608db42251d675da83286b1cce702)
Start importing Assets/Animations/Reload.anim using Guid(da652e5dee81e1e4fb45856c799c0268) Importer(2089858483,192608db42251d675da83286b1cce702) (ScriptedImporter) -> (artifact id: '4c4e60a5537b19d0541abbee6bb2c5ce') in 0.0332136 seconds
Number of updated asset objects reloaded before import = 0Number of asset objects unloaded after import = 1

========================================================================
Received Import Request.
  Time since last request: 0.000144 seconds.
  path: Assets/Models/Level Art/gravestoneBroken.fbx
  artifactKey: Guid(7894177ae03f8de49ba5c46fd331b9ca) Importer(2089858483,192608db42251d675da83286b1cce702)
Start importing Assets/Models/Level Art/gravestoneBroken.fbx using Guid(7894177ae03f8de49ba5c46fd331b9ca) Importer(2089858483,192608db42251d675da83286b1cce702) (ScriptedImporter) -> (artifact id: 'd56c844502153d5d007648eb8babd9e1') in 0.0302641 seconds
Number of updated asset objects reloaded before import = 0Number of asset objects unloaded after import = 7

========================================================================
Received Import Request.
  Time since last request: 0.000027 seconds.
  path: Assets/Models/Level Art/fenceIronBorderPillar.fbx
  artifactKey: Guid(3b92048e45df415429b4bb59eb913f85) Importer(2089858483,192608db42251d675da83286b1cce702)
Start importing Assets/Models/Level Art/fenceIronBorderPillar.fbx using Guid(3b92048e45df415429b4bb59eb913f85) Importer(2089858483,192608db42251d675da83286b1cce702) (ScriptedImporter) -> (artifact id: '7e012871b256ec1943af581793f6b719') in 0.0543349 seconds
Number of updated asset objects reloaded before import = 0Number of asset objects unloaded after import = 62

========================================================================
Received Import Request.
  Time since last request: 0.000022 seconds.
  path: Assets/Models/Level Art/gravestoneBevel.fbx
  artifactKey: Guid(a7756b141727afb46994a3d0f3c98b59) Importer(2089858483,192608db42251d675da83286b1cce702)
Start importing Assets/Models/Level Art/gravestoneBevel.fbx using Guid(a7756b141727afb46994a3d0f3c98b59) Importer(2089858483,192608db42251d675da83286b1cce702) (ScriptedImporter) -> (artifact id: '9b5673beb2a28f7e9e02209cfb211296') in 0.0241367 seconds
Number of updated asset objects reloaded before import = 0Number of asset objects unloaded after import = 7

========================================================================
Received Import Request.
  Time since last request: 0.000067 seconds.
  path: Assets/Materials/stone.mat
  artifactKey: Guid(0e1d04ffdfec3a34a9d7884aed510d1c) Importer(2089858483,192608db42251d675da83286b1cce702)
Start importing Assets/Materials/stone.mat using Guid(0e1d04ffdfec3a34a9d7884aed510d1c) Importer(2089858483,192608db42251d675da83286b1cce702) (ScriptedImporter) -> (artifact id: 'd8fee7b167287d4110742e2b24b1016a') in 0.0178637 seconds
Number of updated asset objects reloaded before import = 0Number of asset objects unloaded after import = 1

========================================================================
Received Import Request.
  Time since last request: 0.000115 seconds.
  path: Assets/Prefabs/AmmoPack.prefab
  artifactKey: Guid(c90bf41c504e541b98989b07b736097c) Importer(2089858483,192608db42251d675da83286b1cce702)
Start importing Assets/Prefabs/AmmoPack.prefab using Guid(c90bf41c504e541b98989b07b736097c) Importer(2089858483,192608db42251d675da83286b1cce702) (ScriptedImporter) -> (artifact id: '687c8c85d2b2464f63940a6ef2e79e64') in 0.0499367 seconds
Number of updated asset objects reloaded before import = 0Number of asset objects unloaded after import = 20

========================================================================
Received Import Request.
  Time since last request: 0.000025 seconds.
  path: Assets/Prefabs/Coin.prefab
  artifactKey: Guid(4229c84aca58549a586e9bb7aaae97c4) Importer(2089858483,192608db42251d675da83286b1cce702)
Start importing Assets/Prefabs/Coin.prefab using Guid(4229c84aca58549a586e9bb7aaae97c4) Importer(2089858483,192608db42251d675da83286b1cce702) (ScriptedImporter) -> (artifact id: '1ced02b392f14e7123129dfb3dd9b93b') in 0.0290432 seconds
Number of updated asset objects reloaded before import = 0Number of asset objects unloaded after import = 13

========================================================================
Received Import Request.
  Time since last request: 0.000030 seconds.
  path: Assets/Scripts/PlayerMovement.cs
  artifactKey: Guid(8dab01b205e8fcf4b8d25afd9cbfd4e0) Importer(2089858483,192608db42251d675da83286b1cce702)
Start importing Assets/Scripts/PlayerMovement.cs using Guid(8dab01b205e8fcf4b8d25afd9cbfd4e0) Importer(2089858483,192608db42251d675da83286b1cce702) (ScriptedImporter) -> (artifact id: 'b321ba80802bea94583bd4e7c5a1ded1') in 0.0197211 seconds
Number of updated asset objects reloaded before import = 0Number of asset objects unloaded after import = 0

========================================================================
Received Import Request.
  Time since last request: 0.000130 seconds.
  path: Assets/Materials/wax.mat
  artifactKey: Guid(8b1a561994917ba46b505b78469f463d) Importer(2089858483,192608db42251d675da83286b1cce702)
Start importing Assets/Materials/wax.mat using Guid(8b1a561994917ba46b505b78469f463d) Importer(2089858483,192608db42251d675da83286b1cce702) (ScriptedImporter) -> (artifact id: 'd75f246352f7275eb12099c23364739e') in 0.0192654 seconds
Number of updated asset objects reloaded before import = 0Number of asset objects unloaded after import = 1

========================================================================
Received Import Request.
  Time since last request: 0.000132 seconds.
  path: Assets/Models/Level Art/gravestoneRound.fbx
  artifactKey: Guid(2f56a0cd28c3a0e479fea419de40f74c) Importer(2089858483,192608db42251d675da83286b1cce702)
Start importing Assets/Models/Level Art/gravestoneRound.fbx using Guid(2f56a0cd28c3a0e479fea419de40f74c) Importer(2089858483,192608db42251d675da83286b1cce702) (ScriptedImporter) -> (artifact id: '3f0f4e1407376b99b26cf2077cc125d7') in 0.0235655 seconds
Number of updated asset objects reloaded before import = 0Number of asset objects unloaded after import = 7

========================================================================
Received Import Request.
  Time since last request: 0.000018 seconds.
  path: Assets/Sprites/frame.png
  artifactKey: Guid(570c2d63c0cdf48029814252057afe73) Importer(2089858483,192608db42251d675da83286b1cce702)
Start importing Assets/Sprites/frame.png using Guid(570c2d63c0cdf48029814252057afe73) Importer(2089858483,192608db42251d675da83286b1cce702) (ScriptedImporter) -> (artifact id: 'c7b916b1bf332f62a04c9d3b3a251e23') in 0.0352793 seconds
Number of updated asset objects reloaded before import = 0Number of asset objects unloaded after import = 3

========================================================================
Received Import Request.
  Time since last request: 0.000072 seconds.
  path: Assets/Fonts/Kenney Future Narrow.ttf
  artifactKey: Guid(283293d8ea65c4eddb2510294604a8b9) Importer(2089858483,192608db42251d675da83286b1cce702)
Start importing Assets/Fonts/Kenney Future Narrow.ttf using Guid(283293d8ea65c4eddb2510294604a8b9) Importer(2089858483,192608db42251d675da83286b1cce702) (ScriptedImporter) -> (artifact id: '0d114e680421ca838c20a35d619cc6d7') in 0.026006 seconds
Number of updated asset objects reloaded before import = 0Number of asset objects unloaded after import = 3

========================================================================
Received Import Request.
  Time since last request: 0.000029 seconds.
  path: Assets/Materials/metal.mat
  artifactKey: Guid(5bf0f2c3a9c57564ebe2dc5101981635) Importer(2089858483,192608db42251d675da83286b1cce702)
Start importing Assets/Materials/metal.mat using Guid(5bf0f2c3a9c57564ebe2dc5101981635) Importer(2089858483,192608db42251d675da83286b1cce702) (ScriptedImporter) -> (artifact id: '83c0563d1815d50a6454563ac38fd8f8') in 0.0203872 seconds
Number of updated asset objects reloaded before import = 0Number of asset objects unloaded after import = 1

========================================================================
Received Import Request.
  Time since last request: 0.000122 seconds.
  path: Assets/Scenes/MainSettings.lighting
  artifactKey: Guid(8d176181946a2497f9f8ccf214f9118d) Importer(2089858483,192608db42251d675da83286b1cce702)
Start importing Assets/Scenes/MainSettings.lighting using Guid(8d176181946a2497f9f8ccf214f9118d) Importer(2089858483,192608db42251d675da83286b1cce702) (ScriptedImporter) -> (artifact id: 'eb13dd481d4e62585a118bbe162211ff') in 0.0282635 seconds
Number of updated asset objects reloaded before import = 0Number of asset objects unloaded after import = 1

========================================================================
Received Import Request.
  Time since last request: 0.000105 seconds.
  path: Assets/Animations/Zombie Run.anim
  artifactKey: Guid(6e30ce1e1db8ebb49b29ef0440c4bc5c) Importer(2089858483,192608db42251d675da83286b1cce702)
Start importing Assets/Animations/Zombie Run.anim using Guid(6e30ce1e1db8ebb49b29ef0440c4bc5c) Importer(2089858483,192608db42251d675da83286b1cce702) (ScriptedImporter) -> (artifact id: '771e7fa9dadc3f64d75002b998a3c2d3') in 0.0284499 seconds
Number of updated asset objects reloaded before import = 0Number of asset objects unloaded after import = 1

========================================================================
Received Import Request.
  Time since last request: 0.000114 seconds.
  path: Assets/Models/Level Art/gravestoneFlatOpen.fbx
  artifactKey: Guid(94462e26d9ad4164caf7ef44604913e4) Importer(2089858483,192608db42251d675da83286b1cce702)
Start importing Assets/Models/Level Art/gravestoneFlatOpen.fbx using Guid(94462e26d9ad4164caf7ef44604913e4) Importer(2089858483,192608db42251d675da83286b1cce702) (ScriptedImporter) -> (artifact id: '758616638e3c5d68f63489f58e6a9a23') in 0.0292583 seconds
Number of updated asset objects reloaded before import = 0Number of asset objects unloaded after import = 12

========================================================================
Received Import Request.
  Time since last request: 0.000028 seconds.
  path: Assets/Materials/SmokeLightParticle.mat
  artifactKey: Guid(f06455b167e1b0b428c9af62d7aa6832) Importer(2089858483,192608db42251d675da83286b1cce702)
Start importing Assets/Materials/SmokeLightParticle.mat using Guid(f06455b167e1b0b428c9af62d7aa6832) Importer(2089858483,192608db42251d675da83286b1cce702) (ScriptedImporter) -> (artifact id: 'aee4c3ec97b73470c44462033ef1d634') in 0.1501383 seconds
Number of updated asset objects reloaded before import = 0Number of asset objects unloaded after import = 3

========================================================================
Received Import Request.
  Time since last request: 0.000045 seconds.
  path: Assets/Scenes/Main/Lightmap-0_comp_dir.png
  artifactKey: Guid(956eff7a0737046178512e37aa41edea) Importer(2089858483,192608db42251d675da83286b1cce702)
Start importing Assets/Scenes/Main/Lightmap-0_comp_dir.png using Guid(956eff7a0737046178512e37aa41edea) Importer(2089858483,192608db42251d675da83286b1cce702) (ScriptedImporter) -> (artifact id: '3a819fb3b8d70585ab2a787ecf9ebb3e') in 0.030314 seconds
Number of updated asset objects reloaded before import = 0Number of asset objects unloaded after import = 1

========================================================================
Received Import Request.
  Time since last request: 0.000067 seconds.
  path: Assets/Models/Level Art/Tiles.asset
  artifactKey: Guid(e30a816c4615c45cc8e550edb0c0f17b) Importer(2089858483,192608db42251d675da83286b1cce702)
Start importing Assets/Models/Level Art/Tiles.asset using Guid(e30a816c4615c45cc8e550edb0c0f17b) Importer(2089858483,192608db42251d675da83286b1cce702) (ScriptedImporter) -> (artifact id: 'dbe95bdef47f195c1c2945ef78746a02') in 0.0224893 seconds
Number of updated asset objects reloaded before import = 0Number of asset objects unloaded after import = 1

========================================================================
Received Import Request.
  Time since last request: 0.000115 seconds.
  path: Assets/Scripts/PlayerHealth.cs
  artifactKey: Guid(d59ae54f97f62d844aebf692b4294dda) Importer(2089858483,192608db42251d675da83286b1cce702)
Start importing Assets/Scripts/PlayerHealth.cs using Guid(d59ae54f97f62d844aebf692b4294dda) Importer(2089858483,192608db42251d675da83286b1cce702) (ScriptedImporter) -> (artifact id: '5acfd2acfa03fd8df52449cf092beaaa') in 0.0171113 seconds
Number of updated asset objects reloaded before import = 0Number of asset objects unloaded after import = 0

========================================================================
Received Import Request.
  Time since last request: 0.000300 seconds.
  path: Assets/Materials/Grass.mat
  artifactKey: Guid(32d4c6ca8b8b94c0fb75f01f06d0d8ed) Importer(2089858483,192608db42251d675da83286b1cce702)
Start importing Assets/Materials/Grass.mat using Guid(32d4c6ca8b8b94c0fb75f01f06d0d8ed) Importer(2089858483,192608db42251d675da83286b1cce702) (ScriptedImporter) -> (artifact id: 'edbe544ed0105c418781f3da88aad198') in 0.0202531 seconds
Number of updated asset objects reloaded before import = 0Number of asset objects unloaded after import = 1

========================================================================
Received Import Request.
  Time since last request: 0.000073 seconds.
  path: Assets/Materials/Heart.mat
  artifactKey: Guid(bc1c78064c00244758bb158f18cfa5ac) Importer(2089858483,192608db42251d675da83286b1cce702)
Start importing Assets/Materials/Heart.mat using Guid(bc1c78064c00244758bb158f18cfa5ac) Importer(2089858483,192608db42251d675da83286b1cce702) (ScriptedImporter) -> (artifact id: '37ba19e32cbfba9c7666432d0de0d712') in 0.0199549 seconds
Number of updated asset objects reloaded before import = 0Number of asset objects unloaded after import = 1

========================================================================
Received Import Request.
  Time since last request: 0.000103 seconds.
  path: Assets/Materials/MuzzleFlashParticle.mat
  artifactKey: Guid(527027c8baf2f0540be3104a3ec38a99) Importer(2089858483,192608db42251d675da83286b1cce702)
Start importing Assets/Materials/MuzzleFlashParticle.mat using Guid(527027c8baf2f0540be3104a3ec38a99) Importer(2089858483,192608db42251d675da83286b1cce702) (ScriptedImporter) -> (artifact id: 'febcca1220fff6d4e4e8dd03b52501b6') in 0.0271342 seconds
Number of updated asset objects reloaded before import = 0Number of asset objects unloaded after import = 2

========================================================================
Received Import Request.
  Time since last request: 0.000032 seconds.
  path: Assets/Models/Level Art/coffin.fbx
  artifactKey: Guid(ec3dad5b4f3763542be46c2033e7df4a) Importer(2089858483,192608db42251d675da83286b1cce702)
Start importing Assets/Models/Level Art/coffin.fbx using Guid(ec3dad5b4f3763542be46c2033e7df4a) Importer(2089858483,192608db42251d675da83286b1cce702) (ScriptedImporter) -> (artifact id: 'a5efd179f41f23bc4267bb0e6b5af1b4') in 0.0275688 seconds
Number of updated asset objects reloaded before import = 0Number of asset objects unloaded after import = 12

========================================================================
Received Import Request.
  Time since last request: 0.000029 seconds.
  path: Assets/Models/Ammo.fbx
  artifactKey: Guid(978776c6b3edc164ba82de2b742a4fbe) Importer(2089858483,192608db42251d675da83286b1cce702)
Start importing Assets/Models/Ammo.fbx using Guid(978776c6b3edc164ba82de2b742a4fbe) Importer(2089858483,192608db42251d675da83286b1cce702) (ScriptedImporter) -> (artifact id: 'bbb1fdf5fa993e3f8605af596822657c') in 0.0295688 seconds
Number of updated asset objects reloaded before import = 0Number of asset objects unloaded after import = 14

========================================================================
Received Import Request.
  Time since last request: 0.000032 seconds.
  path: Assets/Prefabs/Level Art.prefab
  artifactKey: Guid(49b04053ea2dc49ae8eae12418134ef1) Importer(2089858483,192608db42251d675da83286b1cce702)
Start importing Assets/Prefabs/Level Art.prefab using Guid(49b04053ea2dc49ae8eae12418134ef1) Importer(2089858483,192608db42251d675da83286b1cce702) (ScriptedImporter) -> (artifact id: '227123070a15d6f64155db5aa952d77e') in 0.0673421 seconds
Number of updated asset objects reloaded before import = 0Number of asset objects unloaded after import = 372

========================================================================
Received Import Request.
  Time since last request: 0.000034 seconds.
  path: Assets/Materials/Gold.mat
  artifactKey: Guid(0b1a09e88ee404aeb9a7fe9516ee7a19) Importer(2089858483,192608db42251d675da83286b1cce702)
Start importing Assets/Materials/Gold.mat using Guid(0b1a09e88ee404aeb9a7fe9516ee7a19) Importer(2089858483,192608db42251d675da83286b1cce702) (ScriptedImporter) -> (artifact id: 'a50f4d79761b3aae6438a173caa555be') in 0.0223297 seconds
Number of updated asset objects reloaded before import = 0Number of asset objects unloaded after import = 1

========================================================================
Received Import Request.
  Time since last request: 0.000103 seconds.
  path: Assets/Animations/Upper Body Mask.mask
  artifactKey: Guid(a0bb31f6cca2c444dabf132a8b2b5f93) Importer(2089858483,192608db42251d675da83286b1cce702)
Start importing Assets/Animations/Upper Body Mask.mask using Guid(a0bb31f6cca2c444dabf132a8b2b5f93) Importer(2089858483,192608db42251d675da83286b1cce702) (ScriptedImporter) -> (artifact id: '32f1bd02df2fc9361e199d9144ea4263') in 0.0205375 seconds
Number of updated asset objects reloaded before import = 0Number of asset objects unloaded after import = 1

========================================================================
Received Import Request.
  Time since last request: 0.000027 seconds.
  path: Assets/Models/Level Art/level fence.mesh
  artifactKey: Guid(b3bce9cc843594af687d558aec3a97ae) Importer(2089858483,192608db42251d675da83286b1cce702)
Start importing Assets/Models/Level Art/level fence.mesh using Guid(b3bce9cc843594af687d558aec3a97ae) Importer(2089858483,192608db42251d675da83286b1cce702) (ScriptedImporter) -> (artifact id: 'e59530f07d07a5d5b9fa381e9ac49cbc') in 0.0499389 seconds
Number of updated asset objects reloaded before import = 0Number of asset objects unloaded after import = 1

========================================================================
Received Import Request.
  Time since last request: 0.000028 seconds.
  path: Assets/Models/Materials/No Name.mat
  artifactKey: Guid(94ca3157362ac43b687a2a726788ac81) Importer(2089858483,192608db42251d675da83286b1cce702)
Start importing Assets/Models/Materials/No Name.mat using Guid(94ca3157362ac43b687a2a726788ac81) Importer(2089858483,192608db42251d675da83286b1cce702) (ScriptedImporter) -> (artifact id: 'b7a4a25b6386ff9bfeebfb1c317a4850') in 0.026589 seconds
Number of updated asset objects reloaded before import = 0Number of asset objects unloaded after import = 1

========================================================================
Received Import Request.
  Time since last request: 0.000125 seconds.
  path: Assets/Materials/BloodSplatParticle.mat
  artifactKey: Guid(3ea2e59d181ffce4e97d5d1d07a22c05) Importer(2089858483,192608db42251d675da83286b1cce702)
Start importing Assets/Materials/BloodSplatParticle.mat using Guid(3ea2e59d181ffce4e97d5d1d07a22c05) Importer(2089858483,192608db42251d675da83286b1cce702) (ScriptedImporter) -> (artifact id: 'e75629a64ff1a26cc22b73c5640534d7') in 0.0566448 seconds
Number of updated asset objects reloaded before import = 0Number of asset objects unloaded after import = 3

========================================================================
Received Import Request.
  Time since last request: 0.000022 seconds.
  path: Assets/Audios/Woman Damage.ogg
  artifactKey: Guid(cbfb3a79860ac42c89b09fc131ef4b61) Importer(2089858483,192608db42251d675da83286b1cce702)
Start importing Assets/Audios/Woman Damage.ogg using Guid(cbfb3a79860ac42c89b09fc131ef4b61) Importer(2089858483,192608db42251d675da83286b1cce702) (ScriptedImporter) -> (artifact id: '3c93e6923739229e380bb2a25c8a5b40') in 0.0392807 seconds
Number of updated asset objects reloaded before import = 0Number of asset objects unloaded after import = 1

========================================================================
Received Import Request.
  Time since last request: 0.000032 seconds.
  path: Assets/Scenes/Main/Lightmap-0_comp_shadowmask.png
  artifactKey: Guid(efa6a3781361941a188ec4ac58455a87) Importer(2089858483,192608db42251d675da83286b1cce702)
Start importing Assets/Scenes/Main/Lightmap-0_comp_shadowmask.png using Guid(efa6a3781361941a188ec4ac58455a87) Importer(2089858483,192608db42251d675da83286b1cce702) (ScriptedImporter) -> (artifact id: '93dc1d455293a88a56a3b1d030068c43') in 0.0286694 seconds
Number of updated asset objects reloaded before import = 0Number of asset objects unloaded after import = 1

========================================================================
Received Import Request.
  Time since last request: 0.000067 seconds.
  path: Assets/Models/Zombie.fbx
  artifactKey: Guid(6bc76eedb6629574a83870562bc0c4ee) Importer(2089858483,192608db42251d675da83286b1cce702)
Start importing Assets/Models/Zombie.fbx using Guid(6bc76eedb6629574a83870562bc0c4ee) Importer(2089858483,192608db42251d675da83286b1cce702) (ScriptedImporter) -> (artifact id: '437192e062696b3abac2bae67d837d12') in 0.0436709 seconds
Number of updated asset objects reloaded before import = 0Number of asset objects unloaded after import = 10

========================================================================
Received Import Request.
  Time since last request: 0.000019 seconds.
  path: Assets/Models/Level Art/shovel.fbx
  artifactKey: Guid(87f0eb128dd40214fa3a67a0861174a7) Importer(2089858483,192608db42251d675da83286b1cce702)
Start importing Assets/Models/Level Art/shovel.fbx using Guid(87f0eb128dd40214fa3a67a0861174a7) Importer(2089858483,192608db42251d675da83286b1cce702) (ScriptedImporter) -> (artifact id: 'fc6be221e5eadcd089e033b4403d0c2b') in 0.027085 seconds
Number of updated asset objects reloaded before import = 0Number of asset objects unloaded after import = 7

========================================================================
Received Import Request.
  Time since last request: 0.000032 seconds.
  path: Assets/Materials/Zombie.mat
  artifactKey: Guid(d484612fe758741428a5f2f4cd4a9109) Importer(2089858483,192608db42251d675da83286b1cce702)
Start importing Assets/Materials/Zombie.mat using Guid(d484612fe758741428a5f2f4cd4a9109) Importer(2089858483,192608db42251d675da83286b1cce702) (ScriptedImporter) -> (artifact id: 'd17b0dc8b66f84492fc21b52e5f4690f') in 0.0189771 seconds
Number of updated asset objects reloaded before import = 0Number of asset objects unloaded after import = 2

========================================================================
Received Import Request.
  Time since last request: 0.000028 seconds.
  path: Assets/Scripts/PlayerShooter.cs
  artifactKey: Guid(a558a9e6e5e01c842a3d56a3e825e54e) Importer(2089858483,192608db42251d675da83286b1cce702)
Start importing Assets/Scripts/PlayerShooter.cs using Guid(a558a9e6e5e01c842a3d56a3e825e54e) Importer(2089858483,192608db42251d675da83286b1cce702) (ScriptedImporter) -> (artifact id: 'a45fb64eeced5e13a6f43cabd424facd') in 0.0189366 seconds
Number of updated asset objects reloaded before import = 0Number of asset objects unloaded after import = 0

========================================================================
Received Import Request.
  Time since last request: 0.000145 seconds.
  path: Assets/Models/Level Art/shovelDirt.fbx
  artifactKey: Guid(088c6303db5b58649907d1856773fc61) Importer(2089858483,192608db42251d675da83286b1cce702)
Start importing Assets/Models/Level Art/shovelDirt.fbx using Guid(088c6303db5b58649907d1856773fc61) Importer(2089858483,192608db42251d675da83286b1cce702) (ScriptedImporter) -> (artifact id: '49cb5f1c68c664680d6ace5fba2da2fc') in 0.0330278 seconds
Number of updated asset objects reloaded before import = 0Number of asset objects unloaded after import = 7

========================================================================
Received Import Request.
  Time since last request: 0.000022 seconds.
  path: Assets/Prefabs/Gun.prefab
  artifactKey: Guid(13259943c4d634186ac994d570bb3253) Importer(2089858483,192608db42251d675da83286b1cce702)
Start importing Assets/Prefabs/Gun.prefab using Guid(13259943c4d634186ac994d570bb3253) Importer(2089858483,192608db42251d675da83286b1cce702) (ScriptedImporter) -> (artifact id: '32dfb3a4658f45877c759ac522b673fc') in 0.0226784 seconds
Number of updated asset objects reloaded before import = 0Number of asset objects unloaded after import = 34

========================================================================
Received Import Request.
  Time since last request: 0.000029 seconds.
  path: Assets/Materials/woodDark.mat
  artifactKey: Guid(278da1abbff7f8a43be831b7d1b6db0a) Importer(2089858483,192608db42251d675da83286b1cce702)
Start importing Assets/Materials/woodDark.mat using Guid(278da1abbff7f8a43be831b7d1b6db0a) Importer(2089858483,192608db42251d675da83286b1cce702) (ScriptedImporter) -> (artifact id: 'a3625978e73b35d3502f09c8915aeec4') in 0.0188404 seconds
Number of updated asset objects reloaded before import = 0Number of asset objects unloaded after import = 1

========================================================================
Received Import Request.
  Time since last request: 0.000105 seconds.
  path: Assets/Materials/Gray.mat
  artifactKey: Guid(856d93b28b7aa416faf25b8b642232a9) Importer(2089858483,192608db42251d675da83286b1cce702)
Start importing Assets/Materials/Gray.mat using Guid(856d93b28b7aa416faf25b8b642232a9) Importer(2089858483,192608db42251d675da83286b1cce702) (ScriptedImporter) -> (artifact id: '34134298391b98dd8c2da41eebd2d493') in 0.0178768 seconds
Number of updated asset objects reloaded before import = 0Number of asset objects unloaded after import = 1

========================================================================
Received Import Request.
  Time since last request: 0.000143 seconds.
  path: Assets/Audios/Gun Reload.wav
  artifactKey: Guid(9eca29ee7f8209e419470fcd586aec21) Importer(2089858483,192608db42251d675da83286b1cce702)
Start importing Assets/Audios/Gun Reload.wav using Guid(9eca29ee7f8209e419470fcd586aec21) Importer(2089858483,192608db42251d675da83286b1cce702) (ScriptedImporter) -> (artifact id: '871f3af9aa61ddbe8a832b028f8cfe7a') in 0.0341445 seconds
Number of updated asset objects reloaded before import = 0Number of asset objects unloaded after import = 1

========================================================================
Received Import Request.
  Time since last request: 0.000054 seconds.
  path: Assets/Textures/WomanSkin.png
  artifactKey: Guid(4d46cb08a42e04c61898960ab0184dcd) Importer(2089858483,192608db42251d675da83286b1cce702)
Start importing Assets/Textures/WomanSkin.png using Guid(4d46cb08a42e04c61898960ab0184dcd) Importer(2089858483,192608db42251d675da83286b1cce702) (ScriptedImporter) -> (artifact id: '6f7576d97451b42698da4eee3d9dd702') in 0.0241865 seconds
Number of updated asset objects reloaded before import = 0Number of asset objects unloaded after import = 1

========================================================================
Received Import Request.
  Time since last request: 0.000107 seconds.
  path: Assets/Materials/EmbersParticle.mat
  artifactKey: Guid(776677ab3818fb249adaca05f4e04545) Importer(2089858483,192608db42251d675da83286b1cce702)
Start importing Assets/Materials/EmbersParticle.mat using Guid(776677ab3818fb249adaca05f4e04545) Importer(2089858483,192608db42251d675da83286b1cce702) (ScriptedImporter) -> (artifact id: 'b150dfc65df29448647ed4c70af57001') in 0.0178565 seconds
Number of updated asset objects reloaded before import = 0Number of asset objects unloaded after import = 1

========================================================================
Received Import Request.
  Time since last request: 0.000071 seconds.
  path: Assets/Textures/ZombieSkin.png
  artifactKey: Guid(ef99e0ff31f774335a1a35c9038a915b) Importer(2089858483,192608db42251d675da83286b1cce702)
Start importing Assets/Textures/ZombieSkin.png using Guid(ef99e0ff31f774335a1a35c9038a915b) Importer(2089858483,192608db42251d675da83286b1cce702) (ScriptedImporter) -> (artifact id: '221a80cd58c3a7d7a980b5cee8199aad') in 0.0254365 seconds
Number of updated asset objects reloaded before import = 0Number of asset objects unloaded after import = 1

========================================================================
Received Import Request.
  Time since last request: 0.000119 seconds.
  path: Assets/Models/Level Art/gravestoneWide.fbx
  artifactKey: Guid(d904ab7766677954586177fad262727a) Importer(2089858483,192608db42251d675da83286b1cce702)
Start importing Assets/Models/Level Art/gravestoneWide.fbx using Guid(d904ab7766677954586177fad262727a) Importer(2089858483,192608db42251d675da83286b1cce702) (ScriptedImporter) -> (artifact id: '73e521b18fcb5b17e9be01e21b215ae2') in 0.0269288 seconds
Number of updated asset objects reloaded before import = 0Number of asset objects unloaded after import = 7

========================================================================
Received Import Request.
  Time since last request: 0.004383 seconds.
  path: Assets/Scripts/Rotator.cs
  artifactKey: Guid(ff95fa9bf920c4865be8f3673b77e5a0) Importer(2089858483,192608db42251d675da83286b1cce702)
Start importing Assets/Scripts/Rotator.cs using Guid(ff95fa9bf920c4865be8f3673b77e5a0) Importer(2089858483,192608db42251d675da83286b1cce702) (ScriptedImporter) -> (artifact id: '432df8dca6754de705cf3dae9db7c037') in 0.0159277 seconds
Number of updated asset objects reloaded before import = 0Number of asset objects unloaded after import = 0

========================================================================
Received Import Request.
  Time since last request: 0.000127 seconds.
  path: Assets/Models/Level Art/borderPillar.fbx
  artifactKey: Guid(2bb86db456138ed4e8e44611ad790e8e) Importer(2089858483,192608db42251d675da83286b1cce702)
Start importing Assets/Models/Level Art/borderPillar.fbx using Guid(2bb86db456138ed4e8e44611ad790e8e) Importer(2089858483,192608db42251d675da83286b1cce702) (ScriptedImporter) -> (artifact id: '738f7229ed9f092f9d5e445c040fa3f7') in 0.0259362 seconds
Number of updated asset objects reloaded before import = 0Number of asset objects unloaded after import = 7

========================================================================
Received Import Request.
  Time since last request: 0.000045 seconds.
  path: Assets/Animations/Humanoid Idle.anim
  artifactKey: Guid(357382166fc6bfb41b6c0367cd4df8a1) Importer(2089858483,192608db42251d675da83286b1cce702)
Start importing Assets/Animations/Humanoid Idle.anim using Guid(357382166fc6bfb41b6c0367cd4df8a1) Importer(2089858483,192608db42251d675da83286b1cce702) (ScriptedImporter) -> (artifact id: 'fa9b6e8db50f09a46b5bef8eef4f9284') in 0.0310477 seconds
Number of updated asset objects reloaded before import = 0Number of asset objects unloaded after import = 1

========================================================================
Received Import Request.
  Time since last request: 0.000096 seconds.
  path: Assets/Models/Level Art/fenceIron.fbx
  artifactKey: Guid(4489514464f1d524585fb237a498b1a4) Importer(2089858483,192608db42251d675da83286b1cce702)
Start importing Assets/Models/Level Art/fenceIron.fbx using Guid(4489514464f1d524585fb237a498b1a4) Importer(2089858483,192608db42251d675da83286b1cce702) (ScriptedImporter) -> (artifact id: '0097390109ee4c724fc73e9a22bd8186') in 0.0367682 seconds
Number of updated asset objects reloaded before import = 0Number of asset objects unloaded after import = 64

========================================================================
Received Import Request.
  Time since last request: 0.000031 seconds.
  path: Assets/Models/Level Art/roadTile_252.fbx
  artifactKey: Guid(512bef4fd6304ef4b85c12d0fd637dd8) Importer(2089858483,192608db42251d675da83286b1cce702)
Start importing Assets/Models/Level Art/roadTile_252.fbx using Guid(512bef4fd6304ef4b85c12d0fd637dd8) Importer(2089858483,192608db42251d675da83286b1cce702) (ScriptedImporter) -> (artifact id: '5e35e87037d98b3898f8facd2d98e1c2') in 0.0303755 seconds
Number of updated asset objects reloaded before import = 0Number of asset objects unloaded after import = 9

========================================================================
Received Import Request.
  Time since last request: 0.000056 seconds.
  path: Assets/Materials/Alternate_Dirt.mat
  artifactKey: Guid(7c7e5c1072bdb4a1fbde675e686cd480) Importer(2089858483,192608db42251d675da83286b1cce702)
Start importing Assets/Materials/Alternate_Dirt.mat using Guid(7c7e5c1072bdb4a1fbde675e686cd480) Importer(2089858483,192608db42251d675da83286b1cce702) (ScriptedImporter) -> (artifact id: '8c09f28496ac507bf23499bf11a6f955') in 0.0204626 seconds
Number of updated asset objects reloaded before import = 0Number of asset objects unloaded after import = 1

========================================================================
Received Import Request.
  Time since last request: 0.000104 seconds.
  path: Assets/Prefabs/ShellEjectEffect.prefab
  artifactKey: Guid(8e60b325a019543cbb2e3920522a2e6b) Importer(2089858483,192608db42251d675da83286b1cce702)
Start importing Assets/Prefabs/ShellEjectEffect.prefab using Guid(8e60b325a019543cbb2e3920522a2e6b) Importer(2089858483,192608db42251d675da83286b1cce702) (ScriptedImporter) -> (artifact id: '7282d4e1fb6bc737853c913a1df66730') in 0.0719145 seconds
Number of updated asset objects reloaded before import = 0Number of asset objects unloaded after import = 11

========================================================================
Received Import Request.
  Time since last request: 0.000027 seconds.
  path: Assets/Scenes/Main/LightingData.asset
  artifactKey: Guid(bebf88649af134a769668a9a2e1f0277) Importer(2089858483,192608db42251d675da83286b1cce702)
Start importing Assets/Scenes/Main/LightingData.asset using Guid(bebf88649af134a769668a9a2e1f0277) Importer(2089858483,192608db42251d675da83286b1cce702) (ScriptedImporter) -> (artifact id: 'e44b7f62b10e4f31596d7907362122b3') in 0.0289808 seconds
Number of updated asset objects reloaded before import = 0Number of asset objects unloaded after import = 2

========================================================================
Received Import Request.
  Time since last request: 0.000056 seconds.
  path: Assets/Scripts/Zombie.cs
  artifactKey: Guid(c1335f80b57e1564281355161c54162b) Importer(2089858483,192608db42251d675da83286b1cce702)
Start importing Assets/Scripts/Zombie.cs using Guid(c1335f80b57e1564281355161c54162b) Importer(2089858483,192608db42251d675da83286b1cce702) (ScriptedImporter) -> (artifact id: '1374e7c6f36e1971a152c27fabfd0a44') in 0.0194672 seconds
Number of updated asset objects reloaded before import = 0Number of asset objects unloaded after import = 0

========================================================================
Received Import Request.
  Time since last request: 0.000183 seconds.
  path: Assets/Animations/Humanoid Walk.anim
  artifactKey: Guid(763c5abd9f23ce041a8b9a784d6f035d) Importer(2089858483,192608db42251d675da83286b1cce702)
Start importing Assets/Animations/Humanoid Walk.anim using Guid(763c5abd9f23ce041a8b9a784d6f035d) Importer(2089858483,192608db42251d675da83286b1cce702) (ScriptedImporter) -> (artifact id: 'd791fe08e34126fcdf5464257bf0de5b') in 0.0483255 seconds
Number of updated asset objects reloaded before import = 0Number of asset objects unloaded after import = 1

========================================================================
Received Import Request.
  Time since last request: 0.000084 seconds.
  path: Assets/Textures/FlameRoundParticleSheet.tif
  artifactKey: Guid(408718fd5f763de42b12f849570ddf58) Importer(2089858483,192608db42251d675da83286b1cce702)
Start importing Assets/Textures/FlameRoundParticleSheet.tif using Guid(408718fd5f763de42b12f849570ddf58) Importer(2089858483,192608db42251d675da83286b1cce702) (ScriptedImporter) -> (artifact id: '7faea40b8dbdba57122802b4334a6167') in 0.0257468 seconds
Number of updated asset objects reloaded before import = 0Number of asset objects unloaded after import = 1

========================================================================
Received Import Request.
  Time since last request: 0.000087 seconds.
  path: Assets/Textures/SmokePuffNormalSheet.tif
  artifactKey: Guid(3bc01580ce4f1834eb3562397607f51d) Importer(2089858483,192608db42251d675da83286b1cce702)
Start importing Assets/Textures/SmokePuffNormalSheet.tif using Guid(3bc01580ce4f1834eb3562397607f51d) Importer(2089858483,192608db42251d675da83286b1cce702) (ScriptedImporter) -> (artifact id: 'e1452c8c92e7e9507b7c434cac24cca9') in 0.0287604 seconds
Number of updated asset objects reloaded before import = 0Number of asset objects unloaded after import = 1

========================================================================
Received Import Request.
  Time since last request: 0.000089 seconds.
  path: Assets/Scripts/IItem.cs
  artifactKey: Guid(8985cd341c19e43b1849e9644b9485df) Importer(2089858483,192608db42251d675da83286b1cce702)
Start importing Assets/Scripts/IItem.cs using Guid(8985cd341c19e43b1849e9644b9485df) Importer(2089858483,192608db42251d675da83286b1cce702) (ScriptedImporter) -> (artifact id: '76f90d5bbb9a73cf1a83cf617164bf81') in 0.0190647 seconds
Number of updated asset objects reloaded before import = 0Number of asset objects unloaded after import = 0

========================================================================
Received Import Request.
  Time since last request: 0.000141 seconds.
  path: Assets/Textures/BloodSprayAlbedo.tif
  artifactKey: Guid(3f4abfb4beaba874db09889251c0f146) Importer(2089858483,192608db42251d675da83286b1cce702)
Start importing Assets/Textures/BloodSprayAlbedo.tif using Guid(3f4abfb4beaba874db09889251c0f146) Importer(2089858483,192608db42251d675da83286b1cce702) (ScriptedImporter) -> (artifact id: '31602e6fb687ba1746d3dc13dd8b9ec3') in 0.0266185 seconds
Number of updated asset objects reloaded before import = 0Number of asset objects unloaded after import = 1

========================================================================
Received Import Request.
  Time since last request: 0.000089 seconds.
  path: Assets/Scripts/ItemSpawner.cs
  artifactKey: Guid(6ee0596fa41f143638acc3a9bf74dfa0) Importer(2089858483,192608db42251d675da83286b1cce702)
Start importing Assets/Scripts/ItemSpawner.cs using Guid(6ee0596fa41f143638acc3a9bf74dfa0) Importer(2089858483,192608db42251d675da83286b1cce702) (ScriptedImporter) -> (artifact id: 'cb5eb0a30c718926a5c0c9789702f2b7') in 0.018842 seconds
Number of updated asset objects reloaded before import = 0Number of asset objects unloaded after import = 0

========================================================================
Received Import Request.
  Time since last request: 0.000130 seconds.
  path: Assets/Models/Level Art/roadTile_014.fbx
  artifactKey: Guid(ee3a89c63cf95fa4c92cd786d0d4385a) Importer(2089858483,192608db42251d675da83286b1cce702)
Start importing Assets/Models/Level Art/roadTile_014.fbx using Guid(ee3a89c63cf95fa4c92cd786d0d4385a) Importer(2089858483,192608db42251d675da83286b1cce702) (ScriptedImporter) -> (artifact id: '0213c8a01fe53d310138be695380c7a9') in 0.0224767 seconds
Number of updated asset objects reloaded before import = 0Number of asset objects unloaded after import = 9

========================================================================
Received Import Request.
  Time since last request: 0.000030 seconds.
  path: Assets/Prefabs/ParticlesLight.prefab
  artifactKey: Guid(fa35d75604d172d48b7a6b62a07c7dbf) Importer(2089858483,192608db42251d675da83286b1cce702)
Start importing Assets/Prefabs/ParticlesLight.prefab using Guid(fa35d75604d172d48b7a6b62a07c7dbf) Importer(2089858483,192608db42251d675da83286b1cce702) (ScriptedImporter) -> (artifact id: '791712c76262967cad275d3363a679c3') in 0.0251986 seconds
Number of updated asset objects reloaded before import = 0Number of asset objects unloaded after import = 5

========================================================================
Received Import Request.
  Time since last request: 0.000050 seconds.
  path: Assets/Scenes/Main/ReflectionProbe-0.exr
  artifactKey: Guid(cbe7c16a89ecf49af915733801f71da0) Importer(2089858483,192608db42251d675da83286b1cce702)
Start importing Assets/Scenes/Main/ReflectionProbe-0.exr using Guid(cbe7c16a89ecf49af915733801f71da0) Importer(2089858483,192608db42251d675da83286b1cce702) (ScriptedImporter) -> (artifact id: 'bead3131c11ee4fbed95232e0b96c3e1') in 0.026882 seconds
Number of updated asset objects reloaded before import = 0Number of asset objects unloaded after import = 1

