
=== Thu Dec 26 17:53:10 2024

Packages were changed.
Update Mode: updateDependencies

The following packages were added:
  com.unity.ai.navigation@2.0.4
  com.unity.modules.accessibility@1.0.0
  com.unity.multiplayer.center@1.0.0
The following packages were updated:
  com.unity.ads from version 3.7.1 to 4.4.2
  com.unity.analytics from version 3.5.3 to 3.8.1
  com.unity.cinemachine from version 2.8.0 to 2.10.3
  com.unity.collab-proxy from version 1.7.1 to 2.5.2
  com.unity.ide.rider from version 3.0.7 to 3.0.31
  com.unity.ide.visualstudio from version 2.0.11 to 2.0.22
  com.unity.postprocessing from version 3.1.1 to 3.4.0
  com.unity.test-framework from version 1.1.26 to 1.4.5
  com.unity.timeline from version 1.6.2 to 1.8.7
  com.unity.ugui from version 1.0.0 to 2.0.0
The following packages were removed:
  com.unity.textmeshpro@3.0.6
